<?xml version="1.0" encoding="UTF-8"?>
<testsuite xmlns:xsi="http://www.w3.org/2001/XMLSchema-instance" xsi:noNamespaceSchemaLocation="https://maven.apache.org/surefire/maven-surefire-plugin/xsd/surefire-test-report.xsd" name="TestSuite" time="22.071" tests="1" errors="0" skipped="0" failures="1">
  <properties>
[...]
</properties>
  <testcase name="feature" classname="com.selenium.tests.TestRunner" time="21.315">
    <failure message="java.lang.AssertionError: The following asserts failed:&#10;	Not a valid addition: 12" type="cucumber.runtime.CucumberException">cucumber.runtime.CucumberException: 
java.lang.AssertionError: The following asserts failed:
	Not a valid addition: 12
Caused by: java.lang.AssertionError: 
The following asserts failed:
	Not a valid addition: 12
</failure>
    <system-out><![CDATA[#Author: abhilash.sharma@sonetel.com
Feature: Demo Web App Login
  This feature deals with the login functionality and basic element checks
2018-07-30 00:05:55 INFO  TestBase:58 - Starting tests on chrome browser.
2018-07-30 00:06:00 INFO  TestBase:111 - Driver initialization completed.
2018-07-30 00:06:00 INFO  MainPage:29 - Verifying Main Page Elements.
2018-07-30 00:06:00 INFO  ReusableFunctions:60 - [[ChromeDriver: chrome on XP (30281e60abf4c4db8257afbe211481b8)] -> xpath: //input[@id='user-message']]: element is displayed.
2018-07-30 00:06:00 INFO  ReusableFunctions:60 - [[ChromeDriver: chrome on XP (30281e60abf4c4db8257afbe211481b8)] -> xpath: //button[text()='Show Message']]: element is displayed.
2018-07-30 00:06:00 INFO  ReusableFunctions:60 - [[ChromeDriver: chrome on XP (30281e60abf4c4db8257afbe211481b8)] -> xpath: //input[@id='sum1']]: element is displayed.
2018-07-30 00:06:00 INFO  ReusableFunctions:60 - [[ChromeDriver: chrome on XP (30281e60abf4c4db8257afbe211481b8)] -> xpath: //input[@id='sum2']]: element is displayed.
2018-07-30 00:06:00 INFO  ReusableFunctions:60 - [[ChromeDriver: chrome on XP (30281e60abf4c4db8257afbe211481b8)] -> xpath: //button[text()='Get Total']]: element is displayed.
2018-07-30 00:06:00 INFO  MainPage:39 - All Main Page Elements Displayed.
&amp#27;[34mScenario passed !!&amp#27;[0m

  @sanity
  Scenario: Verify Main Screen Elements  &amp#27;[90m# DemoAppTest.feature:6&amp#27;[0m
    &amp#27;[32mGiven &amp#27;[0m&amp#27;[32mLaunch the demo site&amp#27;[0m           &amp#27;[90m# CucumberStepDefs.launch_the_demo_site()&amp#27;[0m
    &amp#27;[32mThen &amp#27;[0m&amp#27;[32mVerify all main screen elements&amp#27;[0m &amp#27;[90m# CucumberStepDefs.verify_all_main_screen_elements()&amp#27;[0m

  @sanity
  Scenario Outline: Verify Valid User Input      &amp#27;[90m# DemoAppTest.feature:11&amp#27;[0m
    &amp#27;[36mGiven &amp#27;[0m&amp#27;[36mLaunch the demo site&amp#27;[0m
    &amp#27;[36mAnd &amp#27;[0m&amp#27;[36mVerify Valid User Input "<Text_Message>"&amp#27;[0m

    Examples: 
2018-07-30 00:06:00 INFO  TestBase:58 - Starting tests on chrome browser.
2018-07-30 00:06:05 INFO  TestBase:111 - Driver initialization completed.
2018-07-30 00:06:05 INFO  MainPage:56 - Verifying Valid User Input.
2018-07-30 00:06:05 INFO  ReusableFunctions:158 - Actual Text From Application Web UI --> :: Welcome Selenium Learner
2018-07-30 00:06:05 INFO  ReusableFunctions:159 - Expected Text From Application Web UI --> :: Welcome Selenium Learner
2018-07-30 00:06:05 INFO  ReusableFunctions:162 - ### VERIFICATION TEXT MATCHED !!!
&amp#27;[34mScenario passed !!&amp#27;[0m

  @sanity
  Scenario Outline: Verify Valid User Input                &amp#27;[90m# DemoAppTest.feature:17&amp#27;[0m
    &amp#27;[32mGiven &amp#27;[0m&amp#27;[32mLaunch the demo site&amp#27;[0m                             &amp#27;[90m# CucumberStepDefs.launch_the_demo_site()&amp#27;[0m
    &amp#27;[32mAnd &amp#27;[0m&amp#27;[32mVerify Valid User Input "&amp#27;[0m&amp#27;[32m&amp#27;[1mWelcome Selenium Learner&amp#27;[0m&amp#27;[32m"&amp#27;[0m &amp#27;[90m# CucumberStepDefs.verify_Valid_User_Input(String)&amp#27;[0m

  @sanity
  Scenario Outline: Verify Valid Addition                                                               &amp#27;[90m# DemoAppTest.feature:21&amp#27;[0m
    &amp#27;[36mGiven &amp#27;[0m&amp#27;[36mLaunch the demo site&amp#27;[0m
    &amp#27;[36mAnd &amp#27;[0m&amp#27;[36mVerify Valid Addition with numA "<Number_A>" numB "<Number_B>" and expected result "<Expected>"&amp#27;[0m

    Examples: 
2018-07-30 00:06:06 INFO  TestBase:58 - Starting tests on chrome browser.
2018-07-30 00:06:10 INFO  TestBase:111 - Driver initialization completed.
2018-07-30 00:06:10 INFO  MainPage:76 - Verifying Addition Functionality.
2018-07-30 00:06:10 INFO  ReusableFunctions:158 - Actual Text From Application Web UI --> :: 15
2018-07-30 00:06:10 INFO  ReusableFunctions:159 - Expected Text From Application Web UI --> :: 15
2018-07-30 00:06:10 INFO  ReusableFunctions:162 - ### VERIFICATION TEXT MATCHED !!!
&amp#27;[34mScenario passed !!&amp#27;[0m

  @sanity
  Scenario Outline: Verify Valid Addition                                      &amp#27;[90m# DemoAppTest.feature:28&amp#27;[0m
    &amp#27;[32mGiven &amp#27;[0m&amp#27;[32mLaunch the demo site&amp#27;[0m                                                 &amp#27;[90m# CucumberStepDefs.launch_the_demo_site()&amp#27;[0m
    &amp#27;[32mAnd &amp#27;[0m&amp#27;[32mVerify Valid Addition with numA "&amp#27;[0m&amp#27;[32m&amp#27;[1m5&amp#27;[0m&amp#27;[32m" numB "&amp#27;[0m&amp#27;[32m&amp#27;[1m10&amp#27;[0m&amp#27;[32m" and expected result "&amp#27;[0m&amp#27;[32m&amp#27;[1m15&amp#27;[0m&amp#27;[32m"&amp#27;[0m &amp#27;[90m# CucumberStepDefs.verify_Valid_Addition_with_numA_numB_and_expected_result(String,String,String)&amp#27;[0m
2018-07-30 00:06:11 INFO  TestBase:58 - Starting tests on chrome browser.
2018-07-30 00:06:15 INFO  TestBase:111 - Driver initialization completed.
2018-07-30 00:06:15 INFO  MainPage:76 - Verifying Addition Functionality.
2018-07-30 00:06:15 INFO  ReusableFunctions:158 - Actual Text From Application Web UI --> :: 11
2018-07-30 00:06:15 INFO  ReusableFunctions:159 - Expected Text From Application Web UI --> :: 12
2018-07-30 00:06:15 ERROR ReusableFunctions:165 - ### VERIFICATION TEXT DOES NOT MATCHED !!!
&amp#27;[34mScenario Failed !!&amp#27;[0m

  @sanity
  Scenario Outline: Verify Valid Addition                                     &amp#27;[90m# DemoAppTest.feature:29&amp#27;[0m
    &amp#27;[32mGiven &amp#27;[0m&amp#27;[32mLaunch the demo site&amp#27;[0m                                                &amp#27;[90m# CucumberStepDefs.launch_the_demo_site()&amp#27;[0m
    &amp#27;[31mAnd &amp#27;[0m&amp#27;[31mVerify Valid Addition with numA "&amp#27;[0m&amp#27;[31m&amp#27;[1m4&amp#27;[0m&amp#27;[31m" numB "&amp#27;[0m&amp#27;[31m&amp#27;[1m7&amp#27;[0m&amp#27;[31m" and expected result "&amp#27;[0m&amp#27;[31m&amp#27;[1m12&amp#27;[0m&amp#27;[31m"&amp#27;[0m &amp#27;[90m# CucumberStepDefs.verify_Valid_Addition_with_numA_numB_and_expected_result(String,String,String)&amp#27;[0m
      &amp#27;[31mjava.lang.AssertionError: The following asserts failed:
      	Not a valid addition: 12
      	at org.testng.asserts.SoftAssert.assertAll(SoftAssert.java:43)
      	at com.selenium.steps.CucumberStepDefs.verify_Valid_Addition_with_numA_numB_and_expected_result(CucumberStepDefs.java:63)
      	at ?.And Verify Valid Addition with numA "4" numB "7" and expected result "12"(DemoAppTest.feature:23)
      &amp#27;[0m
]]></system-out>
    <system-err><![CDATA[Starting ChromeDriver 2.37.543627 (63642262d9fb93fb4ab52398be4286d844092a5e) on port 45179
Only local connections are allowed.
Jul 30, 2018 12:05:58 AM org.openqa.selenium.remote.ProtocolHandshake createSession
INFO: Detected dialect: OSS
Starting ChromeDriver 2.37.543627 (63642262d9fb93fb4ab52398be4286d844092a5e) on port 44287
Only local connections are allowed.
Jul 30, 2018 12:06:02 AM org.openqa.selenium.remote.ProtocolHandshake createSession
INFO: Detected dialect: OSS
Starting ChromeDriver 2.37.543627 (63642262d9fb93fb4ab52398be4286d844092a5e) on port 23302
Only local connections are allowed.
Jul 30, 2018 12:06:08 AM org.openqa.selenium.remote.ProtocolHandshake createSession
INFO: Detected dialect: OSS
Starting ChromeDriver 2.37.543627 (63642262d9fb93fb4ab52398be4286d844092a5e) on port 32985
Only local connections are allowed.
Jul 30, 2018 12:06:12 AM org.openqa.selenium.remote.ProtocolHandshake createSession
INFO: Detected dialect: OSS
]]></system-err>
  </testcase>
</testsuite>